2025-01-29 00:01:53.534 [info] Log level: Info
2025-01-29 00:01:53.534 [info] Validating found git in: "git"
2025-01-29 00:01:53.534 [info] Using git "2.34.1" from "git"
2025-01-29 00:01:53.539 [info] > git rev-parse --show-toplevel [13ms]
2025-01-29 00:01:53.546 [info] > git rev-parse --path-format=relative --show-toplevel [5ms]
2025-01-29 00:01:53.587 [info] > git rev-parse --git-dir --git-common-dir [38ms]
2025-01-29 00:01:53.614 [info] Open repository: /home/ziqinw2/ICS46/ics-46-hw0-kamyyywang
2025-01-29 00:01:53.629 [info] > git rev-parse --show-toplevel [11ms]
2025-01-29 00:01:53.635 [info] > git config --get commit.template [10ms]
2025-01-29 00:01:53.636 [info] > git rev-parse --path-format=relative --show-toplevel [5ms]
2025-01-29 00:01:53.645 [info] > git rev-parse --show-toplevel [6ms]
2025-01-29 00:01:53.650 [info] > git rev-parse --path-format=relative --show-toplevel [4ms]
2025-01-29 00:01:53.654 [info] > git for-each-ref --format=%(refname)%00%(upstream:short)%00%(objectname)%00%(upstream:track)%00%(upstream:remotename)%00%(upstream:remoteref) refs/heads/main refs/remotes/main [20ms]
2025-01-29 00:01:53.660 [info] > git rev-parse --show-toplevel [7ms]
2025-01-29 00:01:53.667 [info] > git rev-parse --path-format=relative --show-toplevel [5ms]
2025-01-29 00:01:53.678 [info] > git status -z -uall [19ms]
2025-01-29 00:01:53.712 [info] > git for-each-ref --format=%(refname)%00%(upstream:short)%00%(objectname)%00%(upstream:track)%00%(upstream:remotename)%00%(upstream:remoteref) refs/heads/main refs/remotes/main [30ms]
2025-01-29 00:01:53.719 [info] > git config --get commit.template [7ms]
2025-01-29 00:01:53.720 [info] > git config --local branch.main.vscode-merge-base [4ms]
2025-01-29 00:01:53.731 [info] > git for-each-ref --format=%(refname)%00%(upstream:short)%00%(objectname)%00%(upstream:track)%00%(upstream:remotename)%00%(upstream:remoteref) refs/heads/main refs/remotes/main [13ms]
2025-01-29 00:01:53.736 [info] > git for-each-ref --format=%(refname)%00%(upstream:short)%00%(objectname)%00%(upstream:track)%00%(upstream:remotename)%00%(upstream:remoteref) refs/heads/origin/main refs/remotes/origin/main [14ms]
2025-01-29 00:01:53.787 [info] > git status -z -uall [52ms]
2025-01-29 00:01:53.792 [info] > git merge-base refs/heads/main refs/remotes/origin/main [53ms]
2025-01-29 00:01:53.803 [info] > git for-each-ref --format=%(refname)%00%(upstream:short)%00%(objectname)%00%(upstream:track)%00%(upstream:remotename)%00%(upstream:remoteref) refs/heads/main refs/remotes/main [13ms]
2025-01-29 00:01:53.846 [info] > git rev-list --count --left-right refs/heads/main...refs/remotes/origin/main [52ms]
2025-01-29 00:01:53.852 [info] > git config --local branch.main.vscode-merge-base [46ms]
2025-01-29 00:01:53.866 [info] > git for-each-ref --format=%(refname)%00%(upstream:short)%00%(objectname)%00%(upstream:track)%00%(upstream:remotename)%00%(upstream:remoteref) refs/heads/origin/main refs/remotes/origin/main [11ms]
2025-01-29 00:01:53.867 [info] > git diff --name-status -z --diff-filter=ADMR b6db6af3e1865d6670c013163b1667ec790830fc...refs/remotes/origin/main [15ms]
2025-01-29 00:01:54.007 [info] > git ls-files --stage -- /home/ziqinw2/ICS46/ics-46-hw0-kamyyywang/Makefile [9ms]
2025-01-29 00:01:54.015 [info] > git show --textconv :Makefile [19ms]
2025-01-29 00:01:54.021 [info] > git cat-file -s d759f8f069366b7337241e660c7a0e49c715925a [12ms]
2025-01-29 00:01:54.138 [info] > git check-ignore -v -z --stdin [7ms]
2025-01-29 00:01:54.957 [info] > git ls-files --stage -- /home/ziqinw2/ICS46/ics-46-hw0-kamyyywang/Makefile [35ms]
2025-01-29 00:01:55.007 [info] > git fetch [1394ms]
2025-01-29 00:01:55.016 [info] > git cat-file -s d759f8f069366b7337241e660c7a0e49c715925a [56ms]
2025-01-29 00:01:55.019 [info] > git config --get commit.template [9ms]
2025-01-29 00:01:55.026 [info] > git for-each-ref --format=%(refname)%00%(upstream:short)%00%(objectname)%00%(upstream:track)%00%(upstream:remotename)%00%(upstream:remoteref) refs/heads/main refs/remotes/main [12ms]
2025-01-29 00:01:55.046 [info] > git status -z -uall [17ms]
2025-01-29 00:01:55.052 [info] > git show --textconv :Makefile [12ms]
2025-01-29 00:01:55.062 [info] > git for-each-ref --format=%(refname)%00%(upstream:short)%00%(objectname)%00%(upstream:track)%00%(upstream:remotename)%00%(upstream:remoteref) refs/heads/main refs/remotes/main [12ms]
2025-01-29 00:01:55.069 [info] > git config --local branch.main.vscode-merge-base [5ms]
2025-01-29 00:01:55.080 [info] > git for-each-ref --format=%(refname)%00%(upstream:short)%00%(objectname)%00%(upstream:track)%00%(upstream:remotename)%00%(upstream:remoteref) refs/heads/origin/main refs/remotes/origin/main [9ms]
2025-01-29 00:01:56.160 [info] > git ls-files --stage -- /home/ziqinw2/ICS46/ics-46-hw0-kamyyywang/Makefile [6ms]
2025-01-29 00:01:56.170 [info] > git cat-file -s d759f8f069366b7337241e660c7a0e49c715925a [8ms]
2025-01-29 00:01:56.195 [info] > git show --textconv :Makefile [12ms]
