2025-01-12 00:32:57.040 [info] Log level: Info
2025-01-12 00:32:57.040 [info] Validating found git in: "git"
2025-01-12 00:32:57.041 [info] Using git "2.34.1" from "git"
2025-01-12 00:32:57.041 [info] > git rev-parse --show-toplevel [6ms]
2025-01-12 00:32:57.041 [info] > git rev-parse --path-format=relative --show-toplevel [6ms]
2025-01-12 00:32:57.041 [info] > git rev-parse --git-dir --git-common-dir [5ms]
2025-01-12 00:32:57.041 [info] Open repository: /home/ziqinw2/ICS46/ics-46-hw0-kamyyywang
2025-01-12 00:32:57.048 [info] > git rev-parse --show-toplevel [11ms]
2025-01-12 00:32:57.127 [info] > git config --get commit.template [78ms]
2025-01-12 00:32:57.129 [info] > git for-each-ref --format=%(refname)%00%(upstream:short)%00%(objectname)%00%(upstream:track)%00%(upstream:remotename)%00%(upstream:remoteref) refs/heads/main refs/remotes/main [72ms]
2025-01-12 00:32:57.130 [info] > git rev-parse --path-format=relative --show-toplevel [78ms]
2025-01-12 00:32:57.136 [warning] ENOENT: no such file or directory, open '/home/ziqinw2/ICS46/ics-46-hw0-kamyyywang/.git/refs/remotes/origin/main'
2025-01-12 00:32:57.143 [info] > git rev-parse refs/remotes/origin/main [8ms]
2025-01-12 00:32:57.158 [info] > git rev-parse --show-toplevel [17ms]
2025-01-12 00:32:57.217 [info] > git rev-parse --path-format=relative --show-toplevel [55ms]
2025-01-12 00:32:57.229 [info] > git status -z -uall [80ms]
2025-01-12 00:32:57.257 [info] > git for-each-ref --format=%(refname)%00%(upstream:short)%00%(objectname)%00%(upstream:track)%00%(upstream:remotename)%00%(upstream:remoteref) refs/heads/main refs/remotes/main [20ms]
2025-01-12 00:32:57.265 [info] > git config --get commit.template [9ms]
2025-01-12 00:32:57.267 [info] > git config --local branch.main.vscode-merge-base [3ms]
2025-01-12 00:32:57.267 [warning] git config failed: Failed to execute git
2025-01-12 00:32:57.313 [info] > git reflog main --grep-reflog=branch: Created from *. [42ms]
2025-01-12 00:32:57.317 [info] > git for-each-ref --format=%(refname)%00%(upstream:short)%00%(objectname)%00%(upstream:track)%00%(upstream:remotename)%00%(upstream:remoteref) refs/heads/main refs/remotes/main [43ms]
2025-01-12 00:32:57.321 [warning] ENOENT: no such file or directory, open '/home/ziqinw2/ICS46/ics-46-hw0-kamyyywang/.git/refs/remotes/origin/main'
2025-01-12 00:32:57.408 [info] > git rev-parse refs/remotes/origin/main [86ms]
2025-01-12 00:32:57.412 [info] > git symbolic-ref --short refs/remotes/origin/HEAD [95ms]
2025-01-12 00:32:57.426 [info] > git for-each-ref --format=%(refname)%00%(upstream:short)%00%(objectname)%00%(upstream:track)%00%(upstream:remotename)%00%(upstream:remoteref) refs/heads/origin/main refs/remotes/origin/main [9ms]
2025-01-12 00:32:57.491 [info] > git status -z -uall [79ms]
2025-01-12 00:32:57.501 [info] > git config --local branch.main.vscode-merge-base origin/main [70ms]
2025-01-12 00:32:57.511 [info] > git for-each-ref --format=%(refname)%00%(upstream:short)%00%(objectname)%00%(upstream:track)%00%(upstream:remotename)%00%(upstream:remoteref) refs/heads/main refs/remotes/main [13ms]
2025-01-12 00:32:57.522 [info] > git config --get commit.template [14ms]
2025-01-12 00:32:57.523 [info] > git config --local branch.main.vscode-merge-base [7ms]
2025-01-12 00:32:57.531 [info] > git for-each-ref --format=%(refname)%00%(upstream:short)%00%(objectname)%00%(upstream:track)%00%(upstream:remotename)%00%(upstream:remoteref) refs/heads/main refs/remotes/main [10ms]
2025-01-12 00:32:57.534 [warning] ENOENT: no such file or directory, open '/home/ziqinw2/ICS46/ics-46-hw0-kamyyywang/.git/refs/remotes/origin/main'
2025-01-12 00:32:57.537 [info] > git for-each-ref --format=%(refname)%00%(upstream:short)%00%(objectname)%00%(upstream:track)%00%(upstream:remotename)%00%(upstream:remoteref) refs/heads/origin/main refs/remotes/origin/main [9ms]
2025-01-12 00:32:57.544 [info] > git rev-parse refs/remotes/origin/main [10ms]
2025-01-12 00:32:57.553 [info] > git merge-base refs/heads/main refs/remotes/origin/main [9ms]
2025-01-12 00:32:57.567 [info] > git rev-list --count --left-right refs/heads/main...refs/remotes/origin/main [10ms]
2025-01-12 00:32:57.590 [info] > git diff --name-status -z --diff-filter=ADMR 549ddd68936dc9c1d0273fb6a9f4d99fa7d70013...refs/remotes/origin/main [16ms]
2025-01-12 00:32:57.611 [info] > git status -z -uall [63ms]
2025-01-12 00:32:57.629 [info] > git for-each-ref --format=%(refname)%00%(upstream:short)%00%(objectname)%00%(upstream:track)%00%(upstream:remotename)%00%(upstream:remoteref) refs/heads/main refs/remotes/main [12ms]
2025-01-12 00:32:57.638 [info] > git config --local branch.main.vscode-merge-base [5ms]
2025-01-12 00:32:57.652 [info] > git for-each-ref --format=%(refname)%00%(upstream:short)%00%(objectname)%00%(upstream:track)%00%(upstream:remotename)%00%(upstream:remoteref) refs/heads/origin/main refs/remotes/origin/main [9ms]
2025-01-12 00:32:57.655 [info] > git check-ignore -v -z --stdin [7ms]
2025-01-12 00:33:36.015 [info] > git show --textconv :main.cpp [7ms]
2025-01-12 00:33:36.020 [info] > git ls-files --stage -- /home/ziqinw2/ICS46/ics-46-hw0-kamyyywang/main.cpp [7ms]
2025-01-12 00:33:36.268 [info] > git check-ignore -v -z --stdin [7ms]
2025-01-12 00:33:36.833 [info] > git config --get commit.template [6ms]
2025-01-12 00:33:36.843 [info] > git for-each-ref --format=%(refname)%00%(upstream:short)%00%(objectname)%00%(upstream:track)%00%(upstream:remotename)%00%(upstream:remoteref) refs/heads/main refs/remotes/main [12ms]
2025-01-12 00:33:36.848 [warning] ENOENT: no such file or directory, open '/home/ziqinw2/ICS46/ics-46-hw0-kamyyywang/.git/refs/remotes/origin/main'
2025-01-12 00:33:36.853 [info] > git rev-parse refs/remotes/origin/main [5ms]
2025-01-12 00:33:36.921 [info] > git status -z -uall [64ms]
2025-01-12 00:33:36.940 [info] > git for-each-ref --format=%(refname)%00%(upstream:short)%00%(objectname)%00%(upstream:track)%00%(upstream:remotename)%00%(upstream:remoteref) refs/heads/main refs/remotes/main [11ms]
2025-01-12 00:33:36.950 [info] > git config --local branch.main.vscode-merge-base [5ms]
2025-01-12 00:33:36.966 [info] > git for-each-ref --format=%(refname)%00%(upstream:short)%00%(objectname)%00%(upstream:track)%00%(upstream:remotename)%00%(upstream:remoteref) refs/heads/origin/main refs/remotes/origin/main [12ms]
2025-01-12 00:33:45.849 [info] > git config --get commit.template [5ms]
2025-01-12 00:33:45.858 [info] > git for-each-ref --format=%(refname)%00%(upstream:short)%00%(objectname)%00%(upstream:track)%00%(upstream:remotename)%00%(upstream:remoteref) refs/heads/main refs/remotes/main [10ms]
2025-01-12 00:33:45.862 [warning] ENOENT: no such file or directory, open '/home/ziqinw2/ICS46/ics-46-hw0-kamyyywang/.git/refs/remotes/origin/main'
2025-01-12 00:33:45.868 [info] > git rev-parse refs/remotes/origin/main [5ms]
2025-01-12 00:33:45.929 [info] > git status -z -uall [56ms]
2025-01-12 00:33:45.946 [info] > git for-each-ref --format=%(refname)%00%(upstream:short)%00%(objectname)%00%(upstream:track)%00%(upstream:remotename)%00%(upstream:remoteref) refs/heads/main refs/remotes/main [10ms]
2025-01-12 00:33:45.956 [info] > git config --local branch.main.vscode-merge-base [5ms]
2025-01-12 00:33:45.969 [info] > git for-each-ref --format=%(refname)%00%(upstream:short)%00%(objectname)%00%(upstream:track)%00%(upstream:remotename)%00%(upstream:remoteref) refs/heads/origin/main refs/remotes/origin/main [9ms]
2025-01-12 00:33:50.953 [info] > git config --get commit.template [8ms]
2025-01-12 00:33:50.962 [info] > git for-each-ref --format=%(refname)%00%(upstream:short)%00%(objectname)%00%(upstream:track)%00%(upstream:remotename)%00%(upstream:remoteref) refs/heads/main refs/remotes/main [10ms]
2025-01-12 00:33:50.967 [warning] ENOENT: no such file or directory, open '/home/ziqinw2/ICS46/ics-46-hw0-kamyyywang/.git/refs/remotes/origin/main'
2025-01-12 00:33:50.973 [info] > git rev-parse refs/remotes/origin/main [6ms]
2025-01-12 00:33:51.033 [info] > git status -z -uall [56ms]
2025-01-12 00:33:51.051 [info] > git for-each-ref --format=%(refname)%00%(upstream:short)%00%(objectname)%00%(upstream:track)%00%(upstream:remotename)%00%(upstream:remoteref) refs/heads/main refs/remotes/main [11ms]
2025-01-12 00:33:51.060 [info] > git config --local branch.main.vscode-merge-base [5ms]
2025-01-12 00:33:51.073 [info] > git for-each-ref --format=%(refname)%00%(upstream:short)%00%(objectname)%00%(upstream:track)%00%(upstream:remotename)%00%(upstream:remoteref) refs/heads/origin/main refs/remotes/origin/main [8ms]
2025-01-12 00:33:56.053 [info] > git config --get commit.template [6ms]
2025-01-12 00:33:56.064 [info] > git for-each-ref --format=%(refname)%00%(upstream:short)%00%(objectname)%00%(upstream:track)%00%(upstream:remotename)%00%(upstream:remoteref) refs/heads/main refs/remotes/main [12ms]
2025-01-12 00:33:56.068 [warning] ENOENT: no such file or directory, open '/home/ziqinw2/ICS46/ics-46-hw0-kamyyywang/.git/refs/remotes/origin/main'
2025-01-12 00:33:56.073 [info] > git rev-parse refs/remotes/origin/main [5ms]
2025-01-12 00:33:56.134 [info] > git status -z -uall [56ms]
2025-01-12 00:33:56.149 [info] > git for-each-ref --format=%(refname)%00%(upstream:short)%00%(objectname)%00%(upstream:track)%00%(upstream:remotename)%00%(upstream:remoteref) refs/heads/main refs/remotes/main [10ms]
2025-01-12 00:33:56.159 [info] > git config --local branch.main.vscode-merge-base [5ms]
2025-01-12 00:33:56.174 [info] > git for-each-ref --format=%(refname)%00%(upstream:short)%00%(objectname)%00%(upstream:track)%00%(upstream:remotename)%00%(upstream:remoteref) refs/heads/origin/main refs/remotes/origin/main [9ms]
2025-01-12 00:34:01.154 [info] > git config --get commit.template [6ms]
2025-01-12 00:34:01.164 [info] > git for-each-ref --format=%(refname)%00%(upstream:short)%00%(objectname)%00%(upstream:track)%00%(upstream:remotename)%00%(upstream:remoteref) refs/heads/main refs/remotes/main [11ms]
2025-01-12 00:34:01.168 [warning] ENOENT: no such file or directory, open '/home/ziqinw2/ICS46/ics-46-hw0-kamyyywang/.git/refs/remotes/origin/main'
2025-01-12 00:34:01.173 [info] > git rev-parse refs/remotes/origin/main [5ms]
2025-01-12 00:34:01.232 [info] > git status -z -uall [55ms]
2025-01-12 00:34:01.249 [info] > git for-each-ref --format=%(refname)%00%(upstream:short)%00%(objectname)%00%(upstream:track)%00%(upstream:remotename)%00%(upstream:remoteref) refs/heads/main refs/remotes/main [11ms]
2025-01-12 00:34:01.259 [info] > git config --local branch.main.vscode-merge-base [5ms]
2025-01-12 00:34:01.273 [info] > git for-each-ref --format=%(refname)%00%(upstream:short)%00%(objectname)%00%(upstream:track)%00%(upstream:remotename)%00%(upstream:remoteref) refs/heads/origin/main refs/remotes/origin/main [10ms]
2025-01-12 00:34:06.254 [info] > git config --get commit.template [7ms]
2025-01-12 00:34:06.263 [info] > git for-each-ref --format=%(refname)%00%(upstream:short)%00%(objectname)%00%(upstream:track)%00%(upstream:remotename)%00%(upstream:remoteref) refs/heads/main refs/remotes/main [9ms]
2025-01-12 00:34:06.267 [warning] ENOENT: no such file or directory, open '/home/ziqinw2/ICS46/ics-46-hw0-kamyyywang/.git/refs/remotes/origin/main'
2025-01-12 00:34:06.272 [info] > git rev-parse refs/remotes/origin/main [6ms]
2025-01-12 00:34:06.332 [info] > git status -z -uall [56ms]
2025-01-12 00:34:06.348 [info] > git for-each-ref --format=%(refname)%00%(upstream:short)%00%(objectname)%00%(upstream:track)%00%(upstream:remotename)%00%(upstream:remoteref) refs/heads/main refs/remotes/main [11ms]
2025-01-12 00:34:06.357 [info] > git config --local branch.main.vscode-merge-base [5ms]
2025-01-12 00:34:06.371 [info] > git for-each-ref --format=%(refname)%00%(upstream:short)%00%(objectname)%00%(upstream:track)%00%(upstream:remotename)%00%(upstream:remoteref) refs/heads/origin/main refs/remotes/origin/main [8ms]
2025-01-12 00:34:11.350 [info] > git config --get commit.template [5ms]
2025-01-12 00:34:11.361 [info] > git for-each-ref --format=%(refname)%00%(upstream:short)%00%(objectname)%00%(upstream:track)%00%(upstream:remotename)%00%(upstream:remoteref) refs/heads/main refs/remotes/main [11ms]
2025-01-12 00:34:11.364 [warning] ENOENT: no such file or directory, open '/home/ziqinw2/ICS46/ics-46-hw0-kamyyywang/.git/refs/remotes/origin/main'
2025-01-12 00:34:11.370 [info] > git rev-parse refs/remotes/origin/main [6ms]
2025-01-12 00:34:11.432 [info] > git status -z -uall [58ms]
2025-01-12 00:34:11.449 [info] > git for-each-ref --format=%(refname)%00%(upstream:short)%00%(objectname)%00%(upstream:track)%00%(upstream:remotename)%00%(upstream:remoteref) refs/heads/main refs/remotes/main [10ms]
2025-01-12 00:34:11.458 [info] > git config --local branch.main.vscode-merge-base [5ms]
2025-01-12 00:34:11.471 [info] > git for-each-ref --format=%(refname)%00%(upstream:short)%00%(objectname)%00%(upstream:track)%00%(upstream:remotename)%00%(upstream:remoteref) refs/heads/origin/main refs/remotes/origin/main [9ms]
2025-01-12 00:34:16.452 [info] > git config --get commit.template [5ms]
2025-01-12 00:34:16.462 [info] > git for-each-ref --format=%(refname)%00%(upstream:short)%00%(objectname)%00%(upstream:track)%00%(upstream:remotename)%00%(upstream:remoteref) refs/heads/main refs/remotes/main [11ms]
2025-01-12 00:34:16.466 [warning] ENOENT: no such file or directory, open '/home/ziqinw2/ICS46/ics-46-hw0-kamyyywang/.git/refs/remotes/origin/main'
2025-01-12 00:34:16.471 [info] > git rev-parse refs/remotes/origin/main [5ms]
2025-01-12 00:34:16.530 [info] > git status -z -uall [54ms]
2025-01-12 00:34:16.546 [info] > git for-each-ref --format=%(refname)%00%(upstream:short)%00%(objectname)%00%(upstream:track)%00%(upstream:remotename)%00%(upstream:remoteref) refs/heads/main refs/remotes/main [11ms]
2025-01-12 00:34:16.556 [info] > git config --local branch.main.vscode-merge-base [5ms]
2025-01-12 00:34:16.569 [info] > git for-each-ref --format=%(refname)%00%(upstream:short)%00%(objectname)%00%(upstream:track)%00%(upstream:remotename)%00%(upstream:remoteref) refs/heads/origin/main refs/remotes/origin/main [9ms]
2025-01-12 00:34:21.550 [info] > git config --get commit.template [6ms]
2025-01-12 00:34:21.560 [info] > git for-each-ref --format=%(refname)%00%(upstream:short)%00%(objectname)%00%(upstream:track)%00%(upstream:remotename)%00%(upstream:remoteref) refs/heads/main refs/remotes/main [11ms]
2025-01-12 00:34:21.565 [warning] ENOENT: no such file or directory, open '/home/ziqinw2/ICS46/ics-46-hw0-kamyyywang/.git/refs/remotes/origin/main'
2025-01-12 00:34:21.570 [info] > git rev-parse refs/remotes/origin/main [5ms]
2025-01-12 00:34:21.628 [info] > git status -z -uall [54ms]
2025-01-12 00:34:21.644 [info] > git for-each-ref --format=%(refname)%00%(upstream:short)%00%(objectname)%00%(upstream:track)%00%(upstream:remotename)%00%(upstream:remoteref) refs/heads/main refs/remotes/main [10ms]
2025-01-12 00:34:21.653 [info] > git config --local branch.main.vscode-merge-base [4ms]
2025-01-12 00:34:21.665 [info] > git for-each-ref --format=%(refname)%00%(upstream:short)%00%(objectname)%00%(upstream:track)%00%(upstream:remotename)%00%(upstream:remoteref) refs/heads/origin/main refs/remotes/origin/main [8ms]
2025-01-12 00:34:26.649 [info] > git config --get commit.template [5ms]
2025-01-12 00:34:26.659 [info] > git for-each-ref --format=%(refname)%00%(upstream:short)%00%(objectname)%00%(upstream:track)%00%(upstream:remotename)%00%(upstream:remoteref) refs/heads/main refs/remotes/main [11ms]
2025-01-12 00:34:26.663 [warning] ENOENT: no such file or directory, open '/home/ziqinw2/ICS46/ics-46-hw0-kamyyywang/.git/refs/remotes/origin/main'
2025-01-12 00:34:26.669 [info] > git rev-parse refs/remotes/origin/main [6ms]
2025-01-12 00:34:26.729 [info] > git status -z -uall [56ms]
2025-01-12 00:34:26.746 [info] > git for-each-ref --format=%(refname)%00%(upstream:short)%00%(objectname)%00%(upstream:track)%00%(upstream:remotename)%00%(upstream:remoteref) refs/heads/main refs/remotes/main [11ms]
2025-01-12 00:34:26.755 [info] > git config --local branch.main.vscode-merge-base [4ms]
2025-01-12 00:34:26.769 [info] > git for-each-ref --format=%(refname)%00%(upstream:short)%00%(objectname)%00%(upstream:track)%00%(upstream:remotename)%00%(upstream:remoteref) refs/heads/origin/main refs/remotes/origin/main [9ms]
2025-01-12 00:34:31.748 [info] > git config --get commit.template [6ms]
2025-01-12 00:34:31.759 [info] > git for-each-ref --format=%(refname)%00%(upstream:short)%00%(objectname)%00%(upstream:track)%00%(upstream:remotename)%00%(upstream:remoteref) refs/heads/main refs/remotes/main [12ms]
2025-01-12 00:34:31.763 [warning] ENOENT: no such file or directory, open '/home/ziqinw2/ICS46/ics-46-hw0-kamyyywang/.git/refs/remotes/origin/main'
2025-01-12 00:34:31.768 [info] > git rev-parse refs/remotes/origin/main [5ms]
2025-01-12 00:34:31.828 [info] > git status -z -uall [55ms]
2025-01-12 00:34:31.844 [info] > git for-each-ref --format=%(refname)%00%(upstream:short)%00%(objectname)%00%(upstream:track)%00%(upstream:remotename)%00%(upstream:remoteref) refs/heads/main refs/remotes/main [11ms]
2025-01-12 00:34:31.854 [info] > git config --local branch.main.vscode-merge-base [4ms]
2025-01-12 00:34:31.867 [info] > git for-each-ref --format=%(refname)%00%(upstream:short)%00%(objectname)%00%(upstream:track)%00%(upstream:remotename)%00%(upstream:remoteref) refs/heads/origin/main refs/remotes/origin/main [8ms]
2025-01-12 00:36:16.694 [info] > git check-ignore -v -z --stdin [8ms]
2025-01-12 00:36:16.810 [info] > git config --get commit.template [6ms]
2025-01-12 00:36:16.822 [info] > git for-each-ref --format=%(refname)%00%(upstream:short)%00%(objectname)%00%(upstream:track)%00%(upstream:remotename)%00%(upstream:remoteref) refs/heads/main refs/remotes/main [13ms]
2025-01-12 00:36:16.827 [warning] ENOENT: no such file or directory, open '/home/ziqinw2/ICS46/ics-46-hw0-kamyyywang/.git/refs/remotes/origin/main'
2025-01-12 00:36:16.833 [info] > git rev-parse refs/remotes/origin/main [6ms]
2025-01-12 00:36:16.900 [info] > git status -z -uall [63ms]
2025-01-12 00:36:16.916 [info] > git for-each-ref --format=%(refname)%00%(upstream:short)%00%(objectname)%00%(upstream:track)%00%(upstream:remotename)%00%(upstream:remoteref) refs/heads/main refs/remotes/main [10ms]
2025-01-12 00:36:16.925 [info] > git config --local branch.main.vscode-merge-base [5ms]
2025-01-12 00:36:16.939 [info] > git for-each-ref --format=%(refname)%00%(upstream:short)%00%(objectname)%00%(upstream:track)%00%(upstream:remotename)%00%(upstream:remoteref) refs/heads/origin/main refs/remotes/origin/main [9ms]
2025-01-12 00:42:02.811 [info] > git check-ignore -v -z --stdin [9ms]
2025-01-12 00:42:02.946 [info] > git config --get commit.template [7ms]
2025-01-12 00:42:02.959 [info] > git for-each-ref --format=%(refname)%00%(upstream:short)%00%(objectname)%00%(upstream:track)%00%(upstream:remotename)%00%(upstream:remoteref) refs/heads/main refs/remotes/main [15ms]
2025-01-12 00:42:02.964 [warning] ENOENT: no such file or directory, open '/home/ziqinw2/ICS46/ics-46-hw0-kamyyywang/.git/refs/remotes/origin/main'
2025-01-12 00:42:02.969 [info] > git rev-parse refs/remotes/origin/main [5ms]
2025-01-12 00:42:03.039 [info] > git status -z -uall [64ms]
2025-01-12 00:42:03.057 [info] > git for-each-ref --format=%(refname)%00%(upstream:short)%00%(objectname)%00%(upstream:track)%00%(upstream:remotename)%00%(upstream:remoteref) refs/heads/main refs/remotes/main [12ms]
2025-01-12 00:42:03.067 [info] > git config --local branch.main.vscode-merge-base [5ms]
2025-01-12 00:42:03.083 [info] > git for-each-ref --format=%(refname)%00%(upstream:short)%00%(objectname)%00%(upstream:track)%00%(upstream:remotename)%00%(upstream:remoteref) refs/heads/origin/main refs/remotes/origin/main [10ms]
2025-01-12 00:42:32.651 [info] > git show --textconv :Makefile [6ms]
2025-01-12 00:42:32.657 [info] > git ls-files --stage -- /home/ziqinw2/ICS46/ics-46-hw0-kamyyywang/Makefile [6ms]
2025-01-12 00:42:32.888 [info] > git check-ignore -v -z --stdin [7ms]
2025-01-12 00:42:33.459 [info] > git config --get commit.template [7ms]
2025-01-12 00:42:33.469 [info] > git for-each-ref --format=%(refname)%00%(upstream:short)%00%(objectname)%00%(upstream:track)%00%(upstream:remotename)%00%(upstream:remoteref) refs/heads/main refs/remotes/main [11ms]
2025-01-12 00:42:33.474 [warning] ENOENT: no such file or directory, open '/home/ziqinw2/ICS46/ics-46-hw0-kamyyywang/.git/refs/remotes/origin/main'
2025-01-12 00:42:33.480 [info] > git rev-parse refs/remotes/origin/main [6ms]
2025-01-12 00:42:33.543 [info] > git status -z -uall [57ms]
2025-01-12 00:42:33.560 [info] > git for-each-ref --format=%(refname)%00%(upstream:short)%00%(objectname)%00%(upstream:track)%00%(upstream:remotename)%00%(upstream:remoteref) refs/heads/main refs/remotes/main [11ms]
2025-01-12 00:42:33.569 [info] > git config --local branch.main.vscode-merge-base [5ms]
2025-01-12 00:42:33.582 [info] > git for-each-ref --format=%(refname)%00%(upstream:short)%00%(objectname)%00%(upstream:track)%00%(upstream:remotename)%00%(upstream:remoteref) refs/heads/origin/main refs/remotes/origin/main [8ms]
2025-01-12 00:42:38.563 [info] > git config --get commit.template [6ms]
2025-01-12 00:42:38.574 [info] > git for-each-ref --format=%(refname)%00%(upstream:short)%00%(objectname)%00%(upstream:track)%00%(upstream:remotename)%00%(upstream:remoteref) refs/heads/main refs/remotes/main [12ms]
2025-01-12 00:42:38.578 [warning] ENOENT: no such file or directory, open '/home/ziqinw2/ICS46/ics-46-hw0-kamyyywang/.git/refs/remotes/origin/main'
2025-01-12 00:42:38.583 [info] > git rev-parse refs/remotes/origin/main [5ms]
2025-01-12 00:42:38.642 [info] > git status -z -uall [54ms]
2025-01-12 00:42:38.659 [info] > git for-each-ref --format=%(refname)%00%(upstream:short)%00%(objectname)%00%(upstream:track)%00%(upstream:remotename)%00%(upstream:remoteref) refs/heads/main refs/remotes/main [10ms]
2025-01-12 00:42:38.669 [info] > git config --local branch.main.vscode-merge-base [5ms]
2025-01-12 00:42:38.683 [info] > git for-each-ref --format=%(refname)%00%(upstream:short)%00%(objectname)%00%(upstream:track)%00%(upstream:remotename)%00%(upstream:remoteref) refs/heads/origin/main refs/remotes/origin/main [8ms]
2025-01-12 00:42:43.663 [info] > git config --get commit.template [7ms]
2025-01-12 00:42:43.675 [info] > git for-each-ref --format=%(refname)%00%(upstream:short)%00%(objectname)%00%(upstream:track)%00%(upstream:remotename)%00%(upstream:remoteref) refs/heads/main refs/remotes/main [12ms]
2025-01-12 00:42:43.680 [warning] ENOENT: no such file or directory, open '/home/ziqinw2/ICS46/ics-46-hw0-kamyyywang/.git/refs/remotes/origin/main'
2025-01-12 00:42:43.685 [info] > git rev-parse refs/remotes/origin/main [6ms]
2025-01-12 00:42:43.749 [info] > git status -z -uall [58ms]
2025-01-12 00:42:43.765 [info] > git for-each-ref --format=%(refname)%00%(upstream:short)%00%(objectname)%00%(upstream:track)%00%(upstream:remotename)%00%(upstream:remoteref) refs/heads/main refs/remotes/main [11ms]
2025-01-12 00:42:43.778 [info] > git config --local branch.main.vscode-merge-base [6ms]
2025-01-12 00:42:43.793 [info] > git for-each-ref --format=%(refname)%00%(upstream:short)%00%(objectname)%00%(upstream:track)%00%(upstream:remotename)%00%(upstream:remoteref) refs/heads/origin/main refs/remotes/origin/main [9ms]
2025-01-12 00:42:56.315 [info] > git config --get commit.template [5ms]
2025-01-12 00:42:56.325 [info] > git for-each-ref --format=%(refname)%00%(upstream:short)%00%(objectname)%00%(upstream:track)%00%(upstream:remotename)%00%(upstream:remoteref) refs/heads/main refs/remotes/main [11ms]
2025-01-12 00:42:56.330 [warning] ENOENT: no such file or directory, open '/home/ziqinw2/ICS46/ics-46-hw0-kamyyywang/.git/refs/remotes/origin/main'
2025-01-12 00:42:56.336 [info] > git rev-parse refs/remotes/origin/main [6ms]
2025-01-12 00:42:56.396 [info] > git status -z -uall [56ms]
2025-01-12 00:42:56.412 [info] > git for-each-ref --format=%(refname)%00%(upstream:short)%00%(objectname)%00%(upstream:track)%00%(upstream:remotename)%00%(upstream:remoteref) refs/heads/main refs/remotes/main [11ms]
2025-01-12 00:42:56.421 [info] > git config --local branch.main.vscode-merge-base [4ms]
2025-01-12 00:42:56.434 [info] > git for-each-ref --format=%(refname)%00%(upstream:short)%00%(objectname)%00%(upstream:track)%00%(upstream:remotename)%00%(upstream:remoteref) refs/heads/origin/main refs/remotes/origin/main [9ms]
2025-01-12 00:43:40.723 [info] > git config --get commit.template [5ms]
2025-01-12 00:43:40.734 [info] > git for-each-ref --format=%(refname)%00%(upstream:short)%00%(objectname)%00%(upstream:track)%00%(upstream:remotename)%00%(upstream:remoteref) refs/heads/main refs/remotes/main [12ms]
2025-01-12 00:43:40.738 [warning] ENOENT: no such file or directory, open '/home/ziqinw2/ICS46/ics-46-hw0-kamyyywang/.git/refs/remotes/origin/main'
2025-01-12 00:43:40.743 [info] > git rev-parse refs/remotes/origin/main [5ms]
2025-01-12 00:43:40.802 [info] > git status -z -uall [55ms]
2025-01-12 00:43:40.819 [info] > git for-each-ref --format=%(refname)%00%(upstream:short)%00%(objectname)%00%(upstream:track)%00%(upstream:remotename)%00%(upstream:remoteref) refs/heads/main refs/remotes/main [11ms]
2025-01-12 00:43:40.828 [info] > git config --local branch.main.vscode-merge-base [4ms]
2025-01-12 00:43:40.841 [info] > git for-each-ref --format=%(refname)%00%(upstream:short)%00%(objectname)%00%(upstream:track)%00%(upstream:remotename)%00%(upstream:remoteref) refs/heads/origin/main refs/remotes/origin/main [8ms]
2025-01-12 00:43:45.821 [info] > git config --get commit.template [5ms]
2025-01-12 00:43:45.831 [info] > git for-each-ref --format=%(refname)%00%(upstream:short)%00%(objectname)%00%(upstream:track)%00%(upstream:remotename)%00%(upstream:remoteref) refs/heads/main refs/remotes/main [10ms]
2025-01-12 00:43:45.836 [warning] ENOENT: no such file or directory, open '/home/ziqinw2/ICS46/ics-46-hw0-kamyyywang/.git/refs/remotes/origin/main'
2025-01-12 00:43:45.841 [info] > git rev-parse refs/remotes/origin/main [5ms]
2025-01-12 00:43:45.901 [info] > git status -z -uall [56ms]
2025-01-12 00:43:45.917 [info] > git for-each-ref --format=%(refname)%00%(upstream:short)%00%(objectname)%00%(upstream:track)%00%(upstream:remotename)%00%(upstream:remoteref) refs/heads/main refs/remotes/main [10ms]
2025-01-12 00:43:45.925 [info] > git config --local branch.main.vscode-merge-base [4ms]
2025-01-12 00:43:45.938 [info] > git for-each-ref --format=%(refname)%00%(upstream:short)%00%(objectname)%00%(upstream:track)%00%(upstream:remotename)%00%(upstream:remoteref) refs/heads/origin/main refs/remotes/origin/main [9ms]
2025-01-12 00:43:52.123 [info] > git config --get commit.template [6ms]
2025-01-12 00:43:52.133 [info] > git for-each-ref --format=%(refname)%00%(upstream:short)%00%(objectname)%00%(upstream:track)%00%(upstream:remotename)%00%(upstream:remoteref) refs/heads/main refs/remotes/main [11ms]
2025-01-12 00:43:52.138 [warning] ENOENT: no such file or directory, open '/home/ziqinw2/ICS46/ics-46-hw0-kamyyywang/.git/refs/remotes/origin/main'
2025-01-12 00:43:52.143 [info] > git rev-parse refs/remotes/origin/main [5ms]
2025-01-12 00:43:52.202 [info] > git status -z -uall [55ms]
2025-01-12 00:43:52.218 [info] > git for-each-ref --format=%(refname)%00%(upstream:short)%00%(objectname)%00%(upstream:track)%00%(upstream:remotename)%00%(upstream:remoteref) refs/heads/main refs/remotes/main [11ms]
2025-01-12 00:43:52.227 [info] > git config --local branch.main.vscode-merge-base [5ms]
2025-01-12 00:43:52.240 [info] > git for-each-ref --format=%(refname)%00%(upstream:short)%00%(objectname)%00%(upstream:track)%00%(upstream:remotename)%00%(upstream:remoteref) refs/heads/origin/main refs/remotes/origin/main [9ms]
2025-01-12 00:44:10.539 [info] > git config --get commit.template [6ms]
2025-01-12 00:44:10.549 [info] > git for-each-ref --format=%(refname)%00%(upstream:short)%00%(objectname)%00%(upstream:track)%00%(upstream:remotename)%00%(upstream:remoteref) refs/heads/main refs/remotes/main [10ms]
2025-01-12 00:44:10.553 [warning] ENOENT: no such file or directory, open '/home/ziqinw2/ICS46/ics-46-hw0-kamyyywang/.git/refs/remotes/origin/main'
2025-01-12 00:44:10.558 [info] > git rev-parse refs/remotes/origin/main [5ms]
2025-01-12 00:44:10.617 [info] > git status -z -uall [55ms]
2025-01-12 00:44:10.633 [info] > git for-each-ref --format=%(refname)%00%(upstream:short)%00%(objectname)%00%(upstream:track)%00%(upstream:remotename)%00%(upstream:remoteref) refs/heads/main refs/remotes/main [10ms]
2025-01-12 00:44:10.642 [info] > git config --local branch.main.vscode-merge-base [5ms]
2025-01-12 00:44:10.655 [info] > git for-each-ref --format=%(refname)%00%(upstream:short)%00%(objectname)%00%(upstream:track)%00%(upstream:remotename)%00%(upstream:remoteref) refs/heads/origin/main refs/remotes/origin/main [9ms]
2025-01-12 00:45:30.769 [info] > git merge-base refs/heads/main refs/remotes/origin/main [13ms]
2025-01-12 00:45:30.782 [info] > git rev-list --count --left-right refs/heads/main...refs/remotes/origin/main [9ms]
2025-01-12 00:45:39.592 [info] > git add -A -- /home/ziqinw2/ICS46/ics-46-hw0-kamyyywang/Makefile /home/ziqinw2/ICS46/ics-46-hw0-kamyyywang/a.out /home/ziqinw2/ICS46/ics-46-hw0-kamyyywang/main.cpp [86ms]
2025-01-12 00:45:39.605 [info] > git config --get commit.template [6ms]
2025-01-12 00:45:39.614 [info] > git for-each-ref --format=%(refname)%00%(upstream:short)%00%(objectname)%00%(upstream:track)%00%(upstream:remotename)%00%(upstream:remoteref) refs/heads/main refs/remotes/main [10ms]
2025-01-12 00:45:39.619 [warning] ENOENT: no such file or directory, open '/home/ziqinw2/ICS46/ics-46-hw0-kamyyywang/.git/refs/remotes/origin/main'
2025-01-12 00:45:39.624 [info] > git rev-parse refs/remotes/origin/main [5ms]
2025-01-12 00:45:39.644 [info] > git status -z -uall [15ms]
2025-01-12 00:45:39.661 [info] > git for-each-ref --format=%(refname)%00%(upstream:short)%00%(objectname)%00%(upstream:track)%00%(upstream:remotename)%00%(upstream:remoteref) refs/heads/main refs/remotes/main [10ms]
2025-01-12 00:45:39.674 [info] > git config --local branch.main.vscode-merge-base [8ms]
2025-01-12 00:45:39.687 [info] > git for-each-ref --format=%(refname)%00%(upstream:short)%00%(objectname)%00%(upstream:track)%00%(upstream:remotename)%00%(upstream:remoteref) refs/heads/origin/main refs/remotes/origin/main [8ms]
2025-01-12 00:45:40.753 [info] > git config --get commit.template [6ms]
2025-01-12 00:45:40.763 [info] > git for-each-ref --format=%(refname)%00%(upstream:short)%00%(objectname)%00%(upstream:track)%00%(upstream:remotename)%00%(upstream:remoteref) refs/heads/main refs/remotes/main [11ms]
2025-01-12 00:45:40.767 [warning] ENOENT: no such file or directory, open '/home/ziqinw2/ICS46/ics-46-hw0-kamyyywang/.git/refs/remotes/origin/main'
2025-01-12 00:45:40.772 [info] > git rev-parse refs/remotes/origin/main [5ms]
2025-01-12 00:45:40.790 [info] > git status -z -uall [14ms]
2025-01-12 00:45:40.805 [info] > git for-each-ref --format=%(refname)%00%(upstream:short)%00%(objectname)%00%(upstream:track)%00%(upstream:remotename)%00%(upstream:remoteref) refs/heads/main refs/remotes/main [10ms]
2025-01-12 00:45:40.814 [info] > git config --local branch.main.vscode-merge-base [4ms]
2025-01-12 00:45:40.827 [info] > git for-each-ref --format=%(refname)%00%(upstream:short)%00%(objectname)%00%(upstream:track)%00%(upstream:remotename)%00%(upstream:remoteref) refs/heads/origin/main refs/remotes/origin/main [8ms]
2025-01-12 00:45:40.898 [info] > git ls-files --stage -- /home/ziqinw2/ICS46/ics-46-hw0-kamyyywang/Makefile [6ms]
2025-01-12 00:45:40.914 [info] > git cat-file -s d759f8f069366b7337241e660c7a0e49c715925a [12ms]
2025-01-12 00:45:40.941 [info] > git show --textconv :Makefile [10ms]
2025-01-12 00:45:54.800 [info] > git -c user.useConfigOnly=true commit --quiet --allow-empty-message --file - [67ms]
2025-01-12 00:45:54.809 [info] > git config --get commit.template [5ms]
2025-01-12 00:45:54.820 [info] > git config --get commit.template [5ms]
2025-01-12 00:45:54.836 [info] > git for-each-ref --format=%(refname)%00%(upstream:short)%00%(objectname)%00%(upstream:track)%00%(upstream:remotename)%00%(upstream:remoteref) refs/heads/main refs/remotes/main [16ms]
2025-01-12 00:45:54.840 [warning] ENOENT: no such file or directory, open '/home/ziqinw2/ICS46/ics-46-hw0-kamyyywang/.git/refs/remotes/origin/main'
2025-01-12 00:45:54.845 [info] > git rev-parse refs/remotes/origin/main [5ms]
2025-01-12 00:45:54.864 [info] > git status -z -uall [15ms]
2025-01-12 00:45:54.882 [info] > git for-each-ref --format=%(refname)%00%(upstream:short)%00%(objectname)%00%(upstream:track)%00%(upstream:remotename)%00%(upstream:remoteref) refs/heads/main refs/remotes/main [12ms]
2025-01-12 00:45:54.891 [info] > git config --local branch.main.vscode-merge-base [4ms]
2025-01-12 00:45:54.904 [info] > git for-each-ref --format=%(refname)%00%(upstream:short)%00%(objectname)%00%(upstream:track)%00%(upstream:remotename)%00%(upstream:remoteref) refs/heads/origin/main refs/remotes/origin/main [8ms]
2025-01-12 00:45:54.923 [info] > git merge-base refs/heads/main refs/remotes/origin/main [14ms]
2025-01-12 00:45:54.929 [info] > git config --get commit.template [7ms]
2025-01-12 00:45:54.940 [info] > git rev-list --count --left-right refs/heads/main...refs/remotes/origin/main [12ms]
2025-01-12 00:45:54.948 [info] > git for-each-ref --format=%(refname)%00%(upstream:short)%00%(objectname)%00%(upstream:track)%00%(upstream:remotename)%00%(upstream:remoteref) refs/heads/main refs/remotes/main [15ms]
2025-01-12 00:45:54.949 [info] > git merge-base refs/heads/main refs/remotes/origin/main [10ms]
2025-01-12 00:45:54.958 [warning] ENOENT: no such file or directory, open '/home/ziqinw2/ICS46/ics-46-hw0-kamyyywang/.git/refs/remotes/origin/main'
2025-01-12 00:45:54.960 [info] > git diff --name-status -z --diff-filter=ADMR 549ddd68936dc9c1d0273fb6a9f4d99fa7d70013...refs/remotes/origin/main [14ms]
2025-01-12 00:45:54.963 [info] > git rev-list --count --left-right refs/heads/main...refs/remotes/origin/main [9ms]
2025-01-12 00:45:54.964 [info] > git rev-parse refs/remotes/origin/main [6ms]
2025-01-12 00:45:54.981 [info] > git status -z -uall [13ms]
2025-01-12 00:45:54.997 [info] > git for-each-ref --format=%(refname)%00%(upstream:short)%00%(objectname)%00%(upstream:track)%00%(upstream:remotename)%00%(upstream:remoteref) refs/heads/main refs/remotes/main [11ms]
2025-01-12 00:45:55.006 [info] > git config --local branch.main.vscode-merge-base [5ms]
2025-01-12 00:45:55.019 [info] > git for-each-ref --format=%(refname)%00%(upstream:short)%00%(objectname)%00%(upstream:track)%00%(upstream:remotename)%00%(upstream:remoteref) refs/heads/origin/main refs/remotes/origin/main [9ms]
2025-01-12 00:45:56.087 [info] > git ls-files --stage -- /home/ziqinw2/ICS46/ics-46-hw0-kamyyywang/Makefile [6ms]
2025-01-12 00:45:56.099 [info] > git cat-file -s d759f8f069366b7337241e660c7a0e49c715925a [8ms]
2025-01-12 00:45:56.377 [info] > git show --textconv :Makefile [10ms]
2025-01-12 00:46:16.630 [info] > git log --oneline --cherry main...main@{upstream} -- [11ms]
2025-01-12 00:46:17.874 [info] > git ls-files --stage -- /home/ziqinw2/ICS46/ics-46-hw0-kamyyywang/Makefile [6ms]
2025-01-12 00:46:17.886 [info] > git cat-file -s d759f8f069366b7337241e660c7a0e49c715925a [8ms]
2025-01-12 00:46:17.916 [info] > git show --textconv :Makefile [11ms]
2025-01-12 00:46:18.111 [info] > git pull --tags origin main [1476ms]
2025-01-12 00:46:18.111 [info] From github.com:klefstad-teaching/ics-46-hw0-kamyyywang
 * branch            main       -> FETCH_HEAD
2025-01-12 00:46:19.421 [info] > git push origin main:main [1304ms]
2025-01-12 00:46:19.421 [info] To github.com:klefstad-teaching/ics-46-hw0-kamyyywang.git
   549ddd6..1936fc6  main -> main
2025-01-12 00:46:19.433 [info] > git config --get commit.template [7ms]
2025-01-12 00:46:19.445 [info] > git for-each-ref --format=%(refname)%00%(upstream:short)%00%(objectname)%00%(upstream:track)%00%(upstream:remotename)%00%(upstream:remoteref) refs/heads/main refs/remotes/main [13ms]
2025-01-12 00:46:19.461 [info] > git ls-files --stage -- /home/ziqinw2/ICS46/ics-46-hw0-kamyyywang/Makefile [6ms]
2025-01-12 00:46:19.466 [info] > git status -z -uall [15ms]
2025-01-12 00:46:19.482 [info] > git cat-file -s d759f8f069366b7337241e660c7a0e49c715925a [17ms]
2025-01-12 00:46:19.483 [info] > git for-each-ref --format=%(refname)%00%(upstream:short)%00%(objectname)%00%(upstream:track)%00%(upstream:remotename)%00%(upstream:remoteref) refs/heads/main refs/remotes/main [12ms]
2025-01-12 00:46:19.493 [info] > git config --local branch.main.vscode-merge-base [4ms]
2025-01-12 00:46:19.508 [info] > git for-each-ref --format=%(refname)%00%(upstream:short)%00%(objectname)%00%(upstream:track)%00%(upstream:remotename)%00%(upstream:remoteref) refs/heads/origin/main refs/remotes/origin/main [11ms]
2025-01-12 00:46:19.523 [info] > git merge-base refs/heads/main refs/remotes/origin/main [9ms]
2025-01-12 00:46:19.533 [info] > git show --textconv :Makefile [13ms]
2025-01-12 00:46:19.537 [info] > git rev-list --count --left-right refs/heads/main...refs/remotes/origin/main [9ms]
2025-01-12 00:46:19.541 [info] > git merge-base refs/heads/main refs/remotes/origin/main [9ms]
2025-01-12 00:46:19.551 [info] > git diff --name-status -z --diff-filter=ADMR 1936fc6cf21ab5979e5325bd66911e447d4c0d75...refs/remotes/origin/main [10ms]
2025-01-12 00:46:19.555 [info] > git rev-list --count --left-right refs/heads/main...refs/remotes/origin/main [10ms]
2025-01-12 00:46:20.528 [info] > git config --get commit.template [6ms]
2025-01-12 00:46:20.539 [info] > git for-each-ref --format=%(refname)%00%(upstream:short)%00%(objectname)%00%(upstream:track)%00%(upstream:remotename)%00%(upstream:remoteref) refs/heads/main refs/remotes/main [12ms]
2025-01-12 00:46:20.560 [info] > git status -z -uall [13ms]
2025-01-12 00:46:20.578 [info] > git for-each-ref --format=%(refname)%00%(upstream:short)%00%(objectname)%00%(upstream:track)%00%(upstream:remotename)%00%(upstream:remoteref) refs/heads/main refs/remotes/main [12ms]
2025-01-12 00:46:20.587 [info] > git config --local branch.main.vscode-merge-base [4ms]
2025-01-12 00:46:20.602 [info] > git for-each-ref --format=%(refname)%00%(upstream:short)%00%(objectname)%00%(upstream:track)%00%(upstream:remotename)%00%(upstream:remoteref) refs/heads/origin/main refs/remotes/origin/main [10ms]
2025-01-12 00:46:20.674 [info] > git ls-files --stage -- /home/ziqinw2/ICS46/ics-46-hw0-kamyyywang/Makefile [7ms]
2025-01-12 00:46:20.686 [info] > git cat-file -s d759f8f069366b7337241e660c7a0e49c715925a [8ms]
2025-01-12 00:46:20.714 [info] > git show --textconv :Makefile [10ms]
2025-01-12 00:46:27.035 [info] > git fetch [1304ms]
2025-01-12 00:46:27.040 [info] > git ls-files --stage -- /home/ziqinw2/ICS46/ics-46-hw0-kamyyywang/Makefile [11ms]
2025-01-12 00:46:27.045 [info] > git config --get commit.template [5ms]
2025-01-12 00:46:27.052 [info] > git cat-file -s d759f8f069366b7337241e660c7a0e49c715925a [7ms]
2025-01-12 00:46:27.061 [info] > git for-each-ref --format=%(refname)%00%(upstream:short)%00%(objectname)%00%(upstream:track)%00%(upstream:remotename)%00%(upstream:remoteref) refs/heads/main refs/remotes/main [11ms]
2025-01-12 00:46:27.080 [info] > git status -z -uall [14ms]
2025-01-12 00:46:27.088 [info] > git show --textconv :Makefile [13ms]
2025-01-12 00:46:27.097 [info] > git for-each-ref --format=%(refname)%00%(upstream:short)%00%(objectname)%00%(upstream:track)%00%(upstream:remotename)%00%(upstream:remoteref) refs/heads/main refs/remotes/main [12ms]
2025-01-12 00:46:27.106 [info] > git config --local branch.main.vscode-merge-base [5ms]
2025-01-12 00:46:27.120 [info] > git for-each-ref --format=%(refname)%00%(upstream:short)%00%(objectname)%00%(upstream:track)%00%(upstream:remotename)%00%(upstream:remoteref) refs/heads/origin/main refs/remotes/origin/main [10ms]
2025-01-12 00:46:28.154 [info] > git ls-files --stage -- /home/ziqinw2/ICS46/ics-46-hw0-kamyyywang/Makefile [8ms]
2025-01-12 00:46:28.167 [info] > git cat-file -s d759f8f069366b7337241e660c7a0e49c715925a [9ms]
2025-01-12 00:46:28.198 [info] > git show --textconv :Makefile [11ms]
2025-01-12 00:48:33.662 [info] > git check-ignore -v -z --stdin [9ms]
2025-01-12 00:48:36.260 [info] > git check-ignore -v -z --stdin [7ms]
2025-01-12 00:48:52.470 [info] > git check-ignore -v -z --stdin [7ms]
2025-01-12 00:48:53.009 [info] > git config --get commit.template [6ms]
2025-01-12 00:48:53.024 [info] > git for-each-ref --format=%(refname)%00%(upstream:short)%00%(objectname)%00%(upstream:track)%00%(upstream:remotename)%00%(upstream:remoteref) refs/heads/main refs/remotes/main [16ms]
2025-01-12 00:48:53.054 [info] > git status -z -uall [24ms]
2025-01-12 00:48:53.074 [info] > git for-each-ref --format=%(refname)%00%(upstream:short)%00%(objectname)%00%(upstream:track)%00%(upstream:remotename)%00%(upstream:remoteref) refs/heads/main refs/remotes/main [13ms]
2025-01-12 00:48:53.084 [info] > git config --local branch.main.vscode-merge-base [4ms]
2025-01-12 00:48:53.098 [info] > git for-each-ref --format=%(refname)%00%(upstream:short)%00%(objectname)%00%(upstream:track)%00%(upstream:remotename)%00%(upstream:remoteref) refs/heads/origin/main refs/remotes/origin/main [10ms]
2025-01-12 00:48:58.187 [info] > git check-ignore -v -z --stdin [7ms]
2025-01-12 00:48:58.718 [info] > git config --get commit.template [5ms]
2025-01-12 00:48:58.729 [info] > git for-each-ref --format=%(refname)%00%(upstream:short)%00%(objectname)%00%(upstream:track)%00%(upstream:remotename)%00%(upstream:remoteref) refs/heads/main refs/remotes/main [12ms]
2025-01-12 00:48:58.753 [info] > git status -z -uall [18ms]
2025-01-12 00:48:58.771 [info] > git for-each-ref --format=%(refname)%00%(upstream:short)%00%(objectname)%00%(upstream:track)%00%(upstream:remotename)%00%(upstream:remoteref) refs/heads/main refs/remotes/main [12ms]
2025-01-12 00:48:58.780 [info] > git config --local branch.main.vscode-merge-base [5ms]
2025-01-12 00:48:58.794 [info] > git for-each-ref --format=%(refname)%00%(upstream:short)%00%(objectname)%00%(upstream:track)%00%(upstream:remotename)%00%(upstream:remoteref) refs/heads/origin/main refs/remotes/origin/main [10ms]
2025-01-12 00:49:08.651 [info] > git add -A -- /home/ziqinw2/ICS46/ics-46-hw0-kamyyywang/main.cpp /home/ziqinw2/ICS46/ics-46-hw0-kamyyywang/src/main.cpp [16ms]
2025-01-12 00:49:08.664 [info] > git config --get commit.template [7ms]
2025-01-12 00:49:08.673 [info] > git for-each-ref --format=%(refname)%00%(upstream:short)%00%(objectname)%00%(upstream:track)%00%(upstream:remotename)%00%(upstream:remoteref) refs/heads/main refs/remotes/main [11ms]
2025-01-12 00:49:08.695 [info] > git status -z -uall [16ms]
2025-01-12 00:49:08.712 [info] > git for-each-ref --format=%(refname)%00%(upstream:short)%00%(objectname)%00%(upstream:track)%00%(upstream:remotename)%00%(upstream:remoteref) refs/heads/main refs/remotes/main [12ms]
2025-01-12 00:49:08.722 [info] > git config --local branch.main.vscode-merge-base [5ms]
2025-01-12 00:49:08.736 [info] > git for-each-ref --format=%(refname)%00%(upstream:short)%00%(objectname)%00%(upstream:track)%00%(upstream:remotename)%00%(upstream:remoteref) refs/heads/origin/main refs/remotes/origin/main [10ms]
2025-01-12 00:49:09.760 [info] > git config --get commit.template [8ms]
2025-01-12 00:49:09.771 [info] > git for-each-ref --format=%(refname)%00%(upstream:short)%00%(objectname)%00%(upstream:track)%00%(upstream:remotename)%00%(upstream:remoteref) refs/heads/main refs/remotes/main [11ms]
2025-01-12 00:49:09.792 [info] > git status -z -uall [16ms]
2025-01-12 00:49:09.809 [info] > git for-each-ref --format=%(refname)%00%(upstream:short)%00%(objectname)%00%(upstream:track)%00%(upstream:remotename)%00%(upstream:remoteref) refs/heads/main refs/remotes/main [12ms]
2025-01-12 00:49:09.819 [info] > git config --local branch.main.vscode-merge-base [4ms]
2025-01-12 00:49:09.834 [info] > git for-each-ref --format=%(refname)%00%(upstream:short)%00%(objectname)%00%(upstream:track)%00%(upstream:remotename)%00%(upstream:remoteref) refs/heads/origin/main refs/remotes/origin/main [10ms]
2025-01-12 00:49:09.915 [info] > git ls-files --stage -- /home/ziqinw2/ICS46/ics-46-hw0-kamyyywang/Makefile [7ms]
2025-01-12 00:49:09.927 [info] > git cat-file -s d759f8f069366b7337241e660c7a0e49c715925a [8ms]
2025-01-12 00:49:09.959 [info] > git show --textconv :Makefile [11ms]
2025-01-12 00:49:10.267 [info] > git rev-parse --show-toplevel [6ms]
2025-01-12 00:49:10.267 [info] fatal: this operation must be run in a work tree
2025-01-12 00:49:23.516 [info] > git -c user.useConfigOnly=true commit --quiet [13577ms]
2025-01-12 00:49:23.527 [info] > git config --get commit.template [5ms]
2025-01-12 00:49:23.545 [info] > git for-each-ref --format=%(refname)%00%(upstream:short)%00%(objectname)%00%(upstream:track)%00%(upstream:remotename)%00%(upstream:remoteref) refs/heads/main refs/remotes/main [19ms]
2025-01-12 00:49:23.567 [info] > git status -z -uall [17ms]
2025-01-12 00:49:23.587 [info] > git for-each-ref --format=%(refname)%00%(upstream:short)%00%(objectname)%00%(upstream:track)%00%(upstream:remotename)%00%(upstream:remoteref) refs/heads/main refs/remotes/main [14ms]
2025-01-12 00:49:23.596 [info] > git config --local branch.main.vscode-merge-base [5ms]
2025-01-12 00:49:23.616 [info] > git for-each-ref --format=%(refname)%00%(upstream:short)%00%(objectname)%00%(upstream:track)%00%(upstream:remotename)%00%(upstream:remoteref) refs/heads/origin/main refs/remotes/origin/main [15ms]
2025-01-12 00:49:23.622 [info] > git config --get commit.template [7ms]
2025-01-12 00:49:23.632 [info] > git merge-base refs/heads/main refs/remotes/origin/main [11ms]
2025-01-12 00:49:23.640 [info] > git for-each-ref --format=%(refname)%00%(upstream:short)%00%(objectname)%00%(upstream:track)%00%(upstream:remotename)%00%(upstream:remoteref) refs/heads/main refs/remotes/main [14ms]
2025-01-12 00:49:23.650 [info] > git rev-list --count --left-right refs/heads/main...refs/remotes/origin/main [13ms]
2025-01-12 00:49:23.660 [info] > git status -z -uall [15ms]
2025-01-12 00:49:23.667 [info] > git merge-base refs/heads/main refs/remotes/origin/main [17ms]
2025-01-12 00:49:23.673 [info] > git diff --name-status -z --diff-filter=ADMR 1936fc6cf21ab5979e5325bd66911e447d4c0d75...refs/remotes/origin/main [17ms]
2025-01-12 00:49:23.679 [info] > git for-each-ref --format=%(refname)%00%(upstream:short)%00%(objectname)%00%(upstream:track)%00%(upstream:remotename)%00%(upstream:remoteref) refs/heads/main refs/remotes/main [14ms]
2025-01-12 00:49:23.684 [info] > git rev-list --count --left-right refs/heads/main...refs/remotes/origin/main [12ms]
2025-01-12 00:49:23.691 [info] > git config --local branch.main.vscode-merge-base [8ms]
2025-01-12 00:49:23.705 [info] > git for-each-ref --format=%(refname)%00%(upstream:short)%00%(objectname)%00%(upstream:track)%00%(upstream:remotename)%00%(upstream:remoteref) refs/heads/origin/main refs/remotes/origin/main [9ms]
2025-01-12 00:49:24.012 [info] > git show --textconv :Makefile [12ms]
2025-01-12 00:49:24.012 [info] > git ls-files --stage -- /home/ziqinw2/ICS46/ics-46-hw0-kamyyywang/Makefile [6ms]
2025-01-12 00:49:24.025 [info] > git cat-file -s d759f8f069366b7337241e660c7a0e49c715925a [8ms]
2025-01-12 00:49:27.042 [info] > git log --oneline --cherry main...main@{upstream} -- [12ms]
2025-01-12 00:49:28.286 [info] > git ls-files --stage -- /home/ziqinw2/ICS46/ics-46-hw0-kamyyywang/Makefile [7ms]
2025-01-12 00:49:28.298 [info] > git cat-file -s d759f8f069366b7337241e660c7a0e49c715925a [9ms]
2025-01-12 00:49:28.328 [info] > git show --textconv :Makefile [12ms]
2025-01-12 00:49:28.571 [info] > git pull --tags origin main [1525ms]
2025-01-12 00:49:28.571 [info] From github.com:klefstad-teaching/ics-46-hw0-kamyyywang
 * branch            main       -> FETCH_HEAD
2025-01-12 00:49:29.841 [info] > git push origin main:main [1266ms]
2025-01-12 00:49:29.841 [info] To github.com:klefstad-teaching/ics-46-hw0-kamyyywang.git
   1936fc6..b6db6af  main -> main
2025-01-12 00:49:29.848 [info] > git ls-files --stage -- /home/ziqinw2/ICS46/ics-46-hw0-kamyyywang/Makefile [7ms]
2025-01-12 00:49:29.853 [info] > git config --get commit.template [5ms]
2025-01-12 00:49:29.860 [info] > git cat-file -s d759f8f069366b7337241e660c7a0e49c715925a [8ms]
2025-01-12 00:49:29.869 [info] > git for-each-ref --format=%(refname)%00%(upstream:short)%00%(objectname)%00%(upstream:track)%00%(upstream:remotename)%00%(upstream:remoteref) refs/heads/main refs/remotes/main [13ms]
2025-01-12 00:49:29.889 [info] > git status -z -uall [14ms]
2025-01-12 00:49:29.907 [info] > git show --textconv :Makefile [27ms]
2025-01-12 00:49:29.908 [info] > git for-each-ref --format=%(refname)%00%(upstream:short)%00%(objectname)%00%(upstream:track)%00%(upstream:remotename)%00%(upstream:remoteref) refs/heads/main refs/remotes/main [15ms]
2025-01-12 00:49:29.917 [info] > git config --local branch.main.vscode-merge-base [5ms]
2025-01-12 00:49:29.931 [info] > git for-each-ref --format=%(refname)%00%(upstream:short)%00%(objectname)%00%(upstream:track)%00%(upstream:remotename)%00%(upstream:remoteref) refs/heads/origin/main refs/remotes/origin/main [9ms]
2025-01-12 00:49:29.946 [info] > git merge-base refs/heads/main refs/remotes/origin/main [10ms]
2025-01-12 00:49:29.962 [info] > git rev-list --count --left-right refs/heads/main...refs/remotes/origin/main [11ms]
2025-01-12 00:49:29.968 [info] > git merge-base refs/heads/main refs/remotes/origin/main [11ms]
2025-01-12 00:49:29.977 [info] > git diff --name-status -z --diff-filter=ADMR b6db6af3e1865d6670c013163b1667ec790830fc...refs/remotes/origin/main [10ms]
2025-01-12 00:49:29.982 [info] > git rev-list --count --left-right refs/heads/main...refs/remotes/origin/main [10ms]
2025-01-12 00:49:31.185 [info] > git ls-files --stage -- /home/ziqinw2/ICS46/ics-46-hw0-kamyyywang/Makefile [6ms]
2025-01-12 00:49:31.195 [info] > git fetch [1289ms]
2025-01-12 00:49:31.200 [info] > git cat-file -s d759f8f069366b7337241e660c7a0e49c715925a [11ms]
2025-01-12 00:49:31.205 [info] > git config --get commit.template [6ms]
2025-01-12 00:49:31.217 [info] > git for-each-ref --format=%(refname)%00%(upstream:short)%00%(objectname)%00%(upstream:track)%00%(upstream:remotename)%00%(upstream:remoteref) refs/heads/main refs/remotes/main [12ms]
2025-01-12 00:49:31.238 [info] > git status -z -uall [16ms]
2025-01-12 00:49:31.256 [info] > git for-each-ref --format=%(refname)%00%(upstream:short)%00%(objectname)%00%(upstream:track)%00%(upstream:remotename)%00%(upstream:remoteref) refs/heads/main refs/remotes/main [13ms]
2025-01-12 00:49:31.261 [info] > git show --textconv :Makefile [11ms]
2025-01-12 00:49:31.265 [info] > git config --local branch.main.vscode-merge-base [5ms]
2025-01-12 00:49:31.279 [info] > git for-each-ref --format=%(refname)%00%(upstream:short)%00%(objectname)%00%(upstream:track)%00%(upstream:remotename)%00%(upstream:remoteref) refs/heads/origin/main refs/remotes/origin/main [10ms]
2025-01-12 00:49:32.311 [info] > git ls-files --stage -- /home/ziqinw2/ICS46/ics-46-hw0-kamyyywang/Makefile [6ms]
2025-01-12 00:49:32.323 [info] > git cat-file -s d759f8f069366b7337241e660c7a0e49c715925a [9ms]
2025-01-12 00:49:32.353 [info] > git show --textconv :Makefile [11ms]
