2025-01-14 17:33:04.510 [info] Log level: Info
2025-01-14 17:33:04.510 [info] Validating found git in: "git"
2025-01-14 17:33:04.510 [info] Using git "2.34.1" from "git"
2025-01-14 17:33:04.510 [info] > git rev-parse --show-toplevel [7ms]
2025-01-14 17:33:04.510 [info] > git rev-parse --path-format=relative --show-toplevel [7ms]
2025-01-14 17:33:04.520 [info] > git rev-parse --git-dir --git-common-dir [5ms]
2025-01-14 17:33:04.548 [info] Open repository: /home/ziqinw2/ICS46/ics-46-hw0-kamyyywang
2025-01-14 17:33:04.570 [info] > git config --get commit.template [13ms]
2025-01-14 17:33:04.571 [info] > git rev-parse --show-toplevel [11ms]
2025-01-14 17:33:04.651 [info] > git rev-parse --path-format=relative --show-toplevel [76ms]
2025-01-14 17:33:04.652 [info] > git for-each-ref --format=%(refname)%00%(upstream:short)%00%(objectname)%00%(upstream:track)%00%(upstream:remotename)%00%(upstream:remoteref) refs/heads/main refs/remotes/main [86ms]
2025-01-14 17:33:04.665 [info] > git rev-parse --show-toplevel [8ms]
2025-01-14 17:33:04.678 [info] > git rev-parse --path-format=relative --show-toplevel [9ms]
2025-01-14 17:33:04.692 [info] > git rev-parse --show-toplevel [8ms]
2025-01-14 17:33:04.702 [info] > git status -z -uall [26ms]
2025-01-14 17:33:04.729 [info] > git for-each-ref --format=%(refname)%00%(upstream:short)%00%(objectname)%00%(upstream:track)%00%(upstream:remotename)%00%(upstream:remoteref) refs/heads/main refs/remotes/main [19ms]
2025-01-14 17:33:04.735 [info] > git rev-parse --path-format=relative --show-toplevel [38ms]
2025-01-14 17:33:04.745 [info] > git config --local branch.main.vscode-merge-base [10ms]
2025-01-14 17:33:04.787 [info] > git config --get commit.template [23ms]
2025-01-14 17:33:04.816 [info] > git for-each-ref --format=%(refname)%00%(upstream:short)%00%(objectname)%00%(upstream:track)%00%(upstream:remotename)%00%(upstream:remoteref) refs/heads/main refs/remotes/main [24ms]
2025-01-14 17:33:04.817 [info] > git for-each-ref --format=%(refname)%00%(upstream:short)%00%(objectname)%00%(upstream:track)%00%(upstream:remotename)%00%(upstream:remoteref) refs/heads/origin/main refs/remotes/origin/main [67ms]
2025-01-14 17:33:04.953 [info] > git status -z -uall [122ms]
2025-01-14 17:33:04.962 [info] > git merge-base refs/heads/main refs/remotes/origin/main [138ms]
2025-01-14 17:33:04.995 [info] > git for-each-ref --format=%(refname)%00%(upstream:short)%00%(objectname)%00%(upstream:track)%00%(upstream:remotename)%00%(upstream:remoteref) refs/heads/main refs/remotes/main [36ms]
2025-01-14 17:33:05.002 [info] > git rev-list --count --left-right refs/heads/main...refs/remotes/origin/main [34ms]
2025-01-14 17:33:05.008 [info] > git config --local branch.main.vscode-merge-base [8ms]
2025-01-14 17:33:05.111 [info] > git for-each-ref --format=%(refname)%00%(upstream:short)%00%(objectname)%00%(upstream:track)%00%(upstream:remotename)%00%(upstream:remoteref) refs/heads/origin/main refs/remotes/origin/main [99ms]
2025-01-14 17:33:05.112 [info] > git diff --name-status -z --diff-filter=ADMR b6db6af3e1865d6670c013163b1667ec790830fc...refs/remotes/origin/main [106ms]
2025-01-14 17:33:05.186 [info] > git check-ignore -v -z --stdin [17ms]
2025-01-14 17:33:05.191 [info] > git show --textconv :Makefile [12ms]
2025-01-14 17:33:05.192 [info] > git ls-files --stage -- /home/ziqinw2/ICS46/ics-46-hw0-kamyyywang/Makefile [8ms]
2025-01-14 17:33:05.206 [info] > git cat-file -s d759f8f069366b7337241e660c7a0e49c715925a [10ms]
2025-01-14 21:05:52.494 [info] Log level: Info
2025-01-14 21:05:52.494 [info] Validating found git in: "git"
2025-01-14 21:05:52.494 [info] Using git "2.34.1" from "git"
2025-01-14 21:05:52.494 [info] > git rev-parse --show-toplevel [9ms]
2025-01-14 21:05:52.498 [info] > git rev-parse --path-format=relative --show-toplevel [6ms]
2025-01-14 21:05:52.510 [info] > git rev-parse --git-dir --git-common-dir [5ms]
2025-01-14 21:05:52.535 [info] Open repository: /home/ziqinw2/ICS46/ics-46-hw0-kamyyywang
2025-01-14 21:05:52.551 [info] > git config --get commit.template [6ms]
2025-01-14 21:05:52.558 [info] > git rev-parse --show-toplevel [11ms]
2025-01-14 21:05:52.686 [info] > git for-each-ref --format=%(refname)%00%(upstream:short)%00%(objectname)%00%(upstream:track)%00%(upstream:remotename)%00%(upstream:remoteref) refs/heads/main refs/remotes/main [129ms]
2025-01-14 21:05:52.687 [info] > git rev-parse --path-format=relative --show-toplevel [125ms]
2025-01-14 21:05:52.700 [info] > git rev-parse --show-toplevel [8ms]
2025-01-14 21:05:52.718 [info] > git rev-parse --path-format=relative --show-toplevel [12ms]
2025-01-14 21:05:52.732 [info] > git rev-parse --show-toplevel [9ms]
2025-01-14 21:05:52.798 [info] > git status -z -uall [83ms]
2025-01-14 21:05:52.798 [info] > git rev-parse --path-format=relative --show-toplevel [62ms]
2025-01-14 21:05:52.836 [info] > git for-each-ref --format=%(refname)%00%(upstream:short)%00%(objectname)%00%(upstream:track)%00%(upstream:remotename)%00%(upstream:remoteref) refs/heads/main refs/remotes/main [17ms]
2025-01-14 21:05:52.842 [info] > git ls-files --stage -- /home/ziqinw2/ICS46/ics-46-hw0-kamyyywang/Makefile [31ms]
2025-01-14 21:05:52.848 [info] > git config --local branch.main.vscode-merge-base [7ms]
2025-01-14 21:05:52.854 [info] > git config --get commit.template [18ms]
2025-01-14 21:05:52.857 [info] > git cat-file -s d759f8f069366b7337241e660c7a0e49c715925a [11ms]
2025-01-14 21:05:52.864 [info] > git for-each-ref --format=%(refname)%00%(upstream:short)%00%(objectname)%00%(upstream:track)%00%(upstream:remotename)%00%(upstream:remoteref) refs/heads/origin/main refs/remotes/origin/main [11ms]
2025-01-14 21:05:52.876 [info] > git for-each-ref --format=%(refname)%00%(upstream:short)%00%(objectname)%00%(upstream:track)%00%(upstream:remotename)%00%(upstream:remoteref) refs/heads/main refs/remotes/main [13ms]
2025-01-14 21:05:52.882 [info] > git merge-base refs/heads/main refs/remotes/origin/main [12ms]
2025-01-14 21:05:52.897 [info] > git status -z -uall [16ms]
2025-01-14 21:05:52.907 [info] > git show --textconv :Makefile [13ms]
2025-01-14 21:05:52.908 [info] > git rev-list --count --left-right refs/heads/main...refs/remotes/origin/main [21ms]
2025-01-14 21:05:52.915 [info] > git for-each-ref --format=%(refname)%00%(upstream:short)%00%(objectname)%00%(upstream:track)%00%(upstream:remotename)%00%(upstream:remoteref) refs/heads/main refs/remotes/main [12ms]
2025-01-14 21:05:52.924 [info] > git diff --name-status -z --diff-filter=ADMR b6db6af3e1865d6670c013163b1667ec790830fc...refs/remotes/origin/main [11ms]
2025-01-14 21:05:52.925 [info] > git config --local branch.main.vscode-merge-base [5ms]
2025-01-14 21:05:52.940 [info] > git for-each-ref --format=%(refname)%00%(upstream:short)%00%(objectname)%00%(upstream:track)%00%(upstream:remotename)%00%(upstream:remoteref) refs/heads/origin/main refs/remotes/origin/main [11ms]
2025-01-14 21:05:53.214 [info] > git check-ignore -v -z --stdin [10ms]
