2025-06-02 18:50:08.966 [info] [main] Log level: Info
2025-06-02 18:50:08.966 [info] [main] Validating found git in: "git"
2025-06-02 18:50:08.966 [info] [main] Using git "2.43.0" from "git"
2025-06-02 18:50:08.966 [info] [Model][doInitialScan] Initial repository scan started
2025-06-02 18:50:08.966 [info] > git rev-parse --show-toplevel [3ms]
2025-06-02 18:50:08.966 [info] > git rev-parse --path-format=relative --show-toplevel [3ms]
2025-06-02 18:50:08.966 [info] > git rev-parse --git-dir --git-common-dir [5ms]
2025-06-02 18:50:08.966 [info] [Model][openRepository] Opened repository: /home/ziqinw2/ICS46/ics-46-hw0-kamyyywang
2025-06-02 18:50:08.977 [info] > git rev-parse --show-toplevel [8ms]
2025-06-02 18:50:08.981 [info] > git config --get commit.template [8ms]
2025-06-02 18:50:08.983 [info] > git for-each-ref --format=%(refname)%00%(upstream:short)%00%(objectname)%00%(upstream:track)%00%(upstream:remotename)%00%(upstream:remoteref) refs/heads/main refs/remotes/main [8ms]
2025-06-02 18:50:08.984 [info] > git rev-parse --path-format=relative --show-toplevel [5ms]
2025-06-02 18:50:08.991 [info] > git rev-parse --show-toplevel [5ms]
2025-06-02 18:50:09.026 [info] > git status -z -uall [27ms]
2025-06-02 18:50:09.027 [info] > git rev-parse --path-format=relative --show-toplevel [33ms]
2025-06-02 18:50:09.063 [info] > git for-each-ref --sort -committerdate --format %(refname) %(objectname) %(*objectname) [42ms]
2025-06-02 18:50:09.122 [info] > git rev-parse --show-toplevel [92ms]
2025-06-02 18:50:09.126 [info] > git config --get commit.template [4ms]
2025-06-02 18:50:09.126 [info] > git for-each-ref --format=%(refname)%00%(upstream:short)%00%(objectname)%00%(upstream:track)%00%(upstream:remotename)%00%(upstream:remoteref) refs/heads/main refs/remotes/main [53ms]
2025-06-02 18:50:09.131 [info] > git rev-parse --path-format=relative --show-toplevel [6ms]
2025-06-02 18:50:09.135 [info] [Model][doInitialScan] Initial repository scan completed - repositories (1), closed repositories (0), parent repositories (0), unsafe repositories (0)
2025-06-02 18:50:09.142 [info] > git config --local branch.main.vscode-merge-base [12ms]
2025-06-02 18:50:09.211 [info] > git for-each-ref --format=%(refname)%00%(upstream:short)%00%(objectname)%00%(upstream:track)%00%(upstream:remotename)%00%(upstream:remoteref) refs/heads/origin/main refs/remotes/origin/main [65ms]
2025-06-02 18:50:09.228 [info] > git for-each-ref --format=%(refname)%00%(upstream:short)%00%(objectname)%00%(upstream:track)%00%(upstream:remotename)%00%(upstream:remoteref) refs/heads/main refs/remotes/main [87ms]
2025-06-02 18:50:09.229 [info] > git merge-base refs/heads/main refs/remotes/origin/main [14ms]
2025-06-02 18:50:09.241 [info] > git diff --name-status -z --diff-filter=ADMR b6db6af3e1865d6670c013163b1667ec790830fc...refs/remotes/origin/main [9ms]
2025-06-02 18:50:09.290 [info] > git status -z -uall [53ms]
2025-06-02 18:50:09.291 [info] > git for-each-ref --sort -committerdate --format %(refname) %(objectname) %(*objectname) [52ms]
2025-06-02 18:50:09.492 [info] > git check-ignore -v -z --stdin [5ms]
2025-06-02 18:50:10.477 [info] > git fetch [1515ms]
2025-06-02 18:50:10.486 [info] > git config --get commit.template [4ms]
2025-06-02 18:50:10.492 [info] > git for-each-ref --format=%(refname)%00%(upstream:short)%00%(objectname)%00%(upstream:track)%00%(upstream:remotename)%00%(upstream:remoteref) refs/heads/main refs/remotes/main [7ms]
2025-06-02 18:50:10.505 [info] > git status -z -uall [9ms]
2025-06-02 18:50:10.507 [info] > git for-each-ref --sort -committerdate --format %(refname) %(objectname) %(*objectname) [9ms]
2025-06-02 18:53:11.935 [info] > git fetch [1421ms]
2025-06-02 18:53:11.943 [info] > git config --get commit.template [4ms]
2025-06-02 18:53:11.949 [info] > git for-each-ref --format=%(refname)%00%(upstream:short)%00%(objectname)%00%(upstream:track)%00%(upstream:remotename)%00%(upstream:remoteref) refs/heads/main refs/remotes/main [7ms]
2025-06-02 18:53:11.962 [info] > git for-each-ref --sort -committerdate --format %(refname) %(objectname) %(*objectname) [8ms]
2025-06-02 18:53:11.967 [info] > git status -z -uall [15ms]
